SF:lib/authorization/authorization_manager.dart
DA:23,0
DA:25,0
DA:28,0
DA:29,0
DA:30,0
DA:31,0
DA:32,0
DA:33,0
DA:34,0
DA:35,0
DA:39,0
DA:40,0
DA:42,0
DA:45,1
DA:46,2
DA:48,0
DA:49,0
DA:57,0
DA:59,0
DA:62,0
DA:63,0
DA:64,0
DA:65,0
DA:66,0
DA:67,0
DA:68,0
DA:69,0
DA:70,0
DA:74,0
DA:77,0
DA:78,0
DA:80,0
DA:83,1
DA:84,1
DA:85,1
LF:35
LH:5
end_of_record
SF:lib/models/utilities/token_api.dart
DA:7,0
DA:9,1
DA:10,2
DA:12,0
DA:13,0
DA:15,1
DA:16,2
DA:18,1
DA:19,2
DA:21,1
DA:22,2
DA:24,0
DA:25,0
DA:26,0
DA:28,0
DA:30,0
DA:31,0
LF:17
LH:8
end_of_record
SF:lib/screens/forms/auth_form.dart
DA:8,0
DA:9,0
DA:14,0
DA:15,0
DA:22,0
DA:27,0
DA:29,0
DA:30,0
DA:31,0
DA:32,0
DA:33,0
DA:35,0
DA:37,0
DA:38,0
DA:43,0
DA:44,0
DA:50,0
DA:51,0
DA:52,0
DA:56,0
DA:58,0
DA:61,0
DA:62,0
DA:67,0
DA:68,0
DA:74,0
DA:75,0
DA:76,0
DA:80,0
DA:81,0
DA:82,0
DA:85,0
DA:92,0
DA:93,0
DA:94,0
DA:95,0
DA:96,0
DA:97,0
DA:98,0
DA:101,0
DA:103,0
DA:104,0
DA:105,0
DA:106,0
DA:107,0
DA:108,0
DA:118,0
DA:119,0
DA:120,0
DA:125,0
DA:126,0
DA:127,0
DA:128,0
DA:129,0
DA:130,0
DA:132,0
LF:56
LH:0
end_of_record
